<?xml version="1.0" encoding="UTF-8"?>
<!-- Generated by org.testng.reporters.JUnitXMLReporter -->
<testsuite ignored="2" hostname="CPDK216" failures="0" tests="1" name="Test" time="16.851" errors="0" timestamp="2025-08-22T12:53:53 IST">
  <testcase classname="TestNG.ParallelExecution" name="loginChrome" time="16.781"/>
  <testcase classname="TestNG.ParallelExecution" name="loginFirefox" time="0.0">
    <ignored/>
  </testcase> <!-- loginFirefox -->
  <testcase classname="TestNG.ParallelExecution" name="loginEdge" time="0.0">
    <ignored/>
  </testcase> <!-- loginEdge -->
</testsuite> <!-- Test -->
