<?xml version="1.0" encoding="UTF-8"?>
<testng-results ignored="0" total="1" passed="0" failed="1" skipped="0">
  <reporter-output>
  </reporter-output>
  <suite started-at="2025-08-28T17:38:31 IST" name="Default suite" finished-at="2025-08-28T17:38:41 IST" duration-ms="9376">
    <groups>
    </groups>
    <test started-at="2025-08-28T17:38:31 IST" name="Default test" finished-at="2025-08-28T17:38:41 IST" duration-ms="9376">
      <class name="TestNG.AutomationDemoSite">
        <test-method is-config="true" signature="beforeTest()[pri:0, instance:TestNG.AutomationDemoSite@7c6908d7]" started-at="2025-08-28T17:38:31 IST" name="beforeTest" finished-at="2025-08-28T17:38:40 IST" duration-ms="9030" status="PASS">
          <reporter-output>
          </reporter-output>
        </test-method> <!-- beforeTest -->
        <test-method signature="Login(java.lang.String,java.lang.String,java.lang.String,java.lang.String,java.lang.String,java.lang.String,java.lang.String,java.lang.String,java.lang.String)[pri:0, instance:TestNG.AutomationDemoSite@7c6908d7]" started-at="2025-08-28T17:38:40 IST" name="Login" finished-at="2025-08-28T17:38:40 IST" duration-ms="0" status="FAIL">
          <exception class="org.testng.TestNGException">
            <message>
              <![CDATA[
Parameter 'fn' is required by @Test on method Login but has not been marked @Optional or defined
in C:\Users\saravanan.ram\AppData\Local\Temp\testng-eclipse-865148974\testng-customsuite.xml]]>
            </message>
            <full-stacktrace>
              <![CDATA[org.testng.TestNGException: 
Parameter 'fn' is required by @Test on method Login but has not been marked @Optional or defined
in C:\Users\saravanan.ram\AppData\Local\Temp\testng-eclipse-865148974\testng-customsuite.xml
at org.testng.internal.Parameters.createParams(Parameters.java:264)
at org.testng.internal.Parameters.createParametersForMethod(Parameters.java:352)
at org.testng.internal.Parameters.createParameters(Parameters.java:690)
at org.testng.internal.Parameters.handleParameters(Parameters.java:885)
at org.testng.internal.Parameters.handleParameters(Parameters.java:734)
at org.testng.internal.invokers.ParameterHandler.handleParameters(ParameterHandler.java:72)
at org.testng.internal.invokers.ParameterHandler.createParameters(ParameterHandler.java:51)
at org.testng.internal.invokers.TestInvoker$MethodInvocationAgent.invoke(TestInvoker.java:949)
at org.testng.internal.invokers.TestInvoker.invokeTestMethods(TestInvoker.java:203)
at org.testng.internal.invokers.TestMethodWorker.invokeTestMethods(TestMethodWorker.java:154)
at org.testng.internal.invokers.TestMethodWorker.run(TestMethodWorker.java:134)
at java.base/java.util.ArrayList.forEach(ArrayList.java:1596)
at org.testng.TestRunner.privateRun(TestRunner.java:741)
at org.testng.TestRunner.run(TestRunner.java:616)
at org.testng.SuiteRunner.runTest(SuiteRunner.java:421)
at org.testng.SuiteRunner.runSequentially(SuiteRunner.java:413)
at org.testng.SuiteRunner.privateRun(SuiteRunner.java:373)
at org.testng.SuiteRunner.run(SuiteRunner.java:312)
at org.testng.SuiteRunnerWorker.runSuite(SuiteRunnerWorker.java:52)
at org.testng.SuiteRunnerWorker.run(SuiteRunnerWorker.java:95)
at org.testng.TestNG.runSuitesSequentially(TestNG.java:1274)
at org.testng.TestNG.runSuitesLocally(TestNG.java:1208)
at org.testng.TestNG.runSuites(TestNG.java:1112)
at org.testng.TestNG.run(TestNG.java:1079)
at org.testng.remote.AbstractRemoteTestNG.run(AbstractRemoteTestNG.java:115)
at org.testng.remote.RemoteTestNG.initAndRun(RemoteTestNG.java:293)
at org.testng.remote.RemoteTestNG.main(RemoteTestNG.java:91)
]]>
            </full-stacktrace>
          </exception> <!-- org.testng.TestNGException -->
          <reporter-output>
          </reporter-output>
        </test-method> <!-- Login -->
        <test-method is-config="true" signature="afterTest()[pri:0, instance:TestNG.AutomationDemoSite@7c6908d7]" started-at="2025-08-28T17:38:40 IST" name="afterTest" finished-at="2025-08-28T17:38:41 IST" duration-ms="259" status="PASS">
          <reporter-output>
          </reporter-output>
        </test-method> <!-- afterTest -->
      </class> <!-- TestNG.AutomationDemoSite -->
    </test> <!-- Default test -->
  </suite> <!-- Default suite -->
</testng-results>
