<?xml version="1.0" encoding="UTF-8"?>
<testng-results ignored="0" total="1" passed="1" failed="0" skipped="0">
  <reporter-output>
  </reporter-output>
  <suite started-at="2025-08-25T13:19:13 IST" name="Suite" finished-at="2025-08-25T13:19:28 IST" duration-ms="14836">
    <groups>
    </groups>
    <test started-at="2025-08-25T13:19:13 IST" name="Test" finished-at="2025-08-25T13:19:28 IST" duration-ms="14836">
      <class name="test.RunHRM">
        <test-method signature="run(java.lang.String,java.lang.String)[pri:0, instance:test.RunHRM@49e53c76]" started-at="2025-08-25T13:19:13 IST" name="run" finished-at="2025-08-25T13:19:28 IST" duration-ms="14783" status="PASS">
          <params>
            <param index="0">
              <value>
                <![CDATA[Admin]]>
              </value>
            </param>
            <param index="1">
              <value>
                <![CDATA[admin123]]>
              </value>
            </param>
          </params>
          <reporter-output>
          </reporter-output>
        </test-method> <!-- run -->
      </class> <!-- test.RunHRM -->
    </test> <!-- Test -->
  </suite> <!-- Suite -->
</testng-results>
