<?xml version="1.0" encoding="UTF-8"?>
<!-- Generated by org.testng.reporters.JUnitXMLReporter -->
<testsuite ignored="2" hostname="CPDK216" failures="0" tests="1" name="Test(failed)(failed)" time="24.74" errors="0" timestamp="2025-08-22T12:32:26 IST">
  <testcase classname="TestNG.ParallelExecution" name="loginEdge" time="24.674"/>
  <testcase classname="TestNG.ParallelExecution" name="loginChrome" time="0.0">
    <ignored/>
  </testcase> <!-- loginChrome -->
  <testcase classname="TestNG.ParallelExecution" name="loginFirefox" time="0.0">
    <ignored/>
  </testcase> <!-- loginFirefox -->
</testsuite> <!-- Test(failed)(failed) -->
