<?xml version="1.0" encoding="UTF-8"?>
<testng-results ignored="0" total="1" passed="1" failed="0" skipped="0">
  <reporter-output>
  </reporter-output>
  <suite started-at="2025-08-29T09:41:53 IST" name="Default suite" finished-at="2025-08-29T09:42:39 IST" duration-ms="46339">
    <groups>
    </groups>
    <test started-at="2025-08-29T09:41:53 IST" name="Default test" finished-at="2025-08-29T09:42:39 IST" duration-ms="46339">
      <class name="Task.LoginForm">
        <test-method signature="login()[pri:0, instance:Task.LoginForm@28701274]" started-at="2025-08-29T09:41:53 IST" name="login" finished-at="2025-08-29T09:42:39 IST" duration-ms="46292" status="PASS">
          <reporter-output>
          </reporter-output>
        </test-method> <!-- login -->
      </class> <!-- Task.LoginForm -->
    </test> <!-- Default test -->
  </suite> <!-- Default suite -->
</testng-results>
